2012-07-10 11:40:02,687 [main] TRACE org.apache.log4j.xml.DOMTestCase - Message 0
2012-07-10 11:40:02,688 [main] TRACE root - Message 0
2012-07-10 11:40:02,688 [main] DEBUG org.apache.log4j.xml.DOMTestCase - Message 1
2012-07-10 11:40:02,688 [main] DEBUG root - Message 1
2012-07-10 11:40:02,688 [main] INFO org.apache.log4j.xml.DOMTestCase - Message 2
2012-07-10 11:40:02,688 [main] INFO root - Message 2
2012-07-10 11:40:02,688 [main] WARN org.apache.log4j.xml.DOMTestCase - Message 3
2012-07-10 11:40:02,688 [main] WARN root - Message 3
2012-07-10 11:40:02,688 [main] ERROR org.apache.log4j.xml.DOMTestCase - Message 4
2012-07-10 11:40:02,688 [main] ERROR root - Message 4
2012-07-10 11:40:02,688 [main] FATAL org.apache.log4j.xml.DOMTestCase - Message 5
2012-07-10 11:40:02,688 [main] FATAL root - Message 5
2012-07-10 11:40:02,688 [main] DEBUG org.apache.log4j.xml.DOMTestCase - Message 6
java.lang.Exception: Just testing
	at org.apache.log4j.xml.DOMTestCase.common(DOMTestCase.java:175)
	at org.apache.log4j.xml.DOMTestCase.test4(DOMTestCase.java:125)
	at sun.reflect.NativeMethodAccessorImpl.invoke0(Native Method)
	at sun.reflect.NativeMethodAccessorImpl.invoke(NativeMethodAccessorImpl.java:39)
	at sun.reflect.DelegatingMethodAccessorImpl.invoke(DelegatingMethodAccessorImpl.java:25)
	at java.lang.reflect.Method.invoke(Method.java:597)
	at junit.framework.TestCase.runTest(TestCase.java:154)
	at junit.framework.TestCase.runBare(TestCase.java:127)
	at junit.framework.TestResult$1.protect(TestResult.java:106)
	at junit.framework.TestResult.runProtected(TestResult.java:124)
	at junit.framework.TestResult.run(TestResult.java:109)
	at junit.framework.TestCase.run(TestCase.java:118)
	at junit.framework.TestSuite.runTest(TestSuite.java:208)
	at junit.framework.TestSuite.run(TestSuite.java:203)
	at org.apache.tools.ant.taskdefs.optional.junit.JUnitTestRunner.run(JUnitTestRunner.java:297)
	at org.apache.tools.ant.taskdefs.optional.junit.JUnitTestRunner.launch(JUnitTestRunner.java:672)
	at org.apache.tools.ant.taskdefs.optional.junit.JUnitTestRunner.main(JUnitTestRunner.java:567)
2012-07-10 11:40:02,689 [main] DEBUG root - Message 6
java.lang.Exception: Just testing
	at org.apache.log4j.xml.DOMTestCase.common(DOMTestCase.java:175)
	at org.apache.log4j.xml.DOMTestCase.test4(DOMTestCase.java:125)
	at sun.reflect.NativeMethodAccessorImpl.invoke0(Native Method)
	at sun.reflect.NativeMethodAccessorImpl.invoke(NativeMethodAccessorImpl.java:39)
	at sun.reflect.DelegatingMethodAccessorImpl.invoke(DelegatingMethodAccessorImpl.java:25)
	at java.lang.reflect.Method.invoke(Method.java:597)
	at junit.framework.TestCase.runTest(TestCase.java:154)
	at junit.framework.TestCase.runBare(TestCase.java:127)
	at junit.framework.TestResult$1.protect(TestResult.java:106)
	at junit.framework.TestResult.runProtected(TestResult.java:124)
	at junit.framework.TestResult.run(TestResult.java:109)
	at junit.framework.TestCase.run(TestCase.java:118)
	at junit.framework.TestSuite.runTest(TestSuite.java:208)
	at junit.framework.TestSuite.run(TestSuite.java:203)
	at org.apache.tools.ant.taskdefs.optional.junit.JUnitTestRunner.run(JUnitTestRunner.java:297)
	at org.apache.tools.ant.taskdefs.optional.junit.JUnitTestRunner.launch(JUnitTestRunner.java:672)
	at org.apache.tools.ant.taskdefs.optional.junit.JUnitTestRunner.main(JUnitTestRunner.java:567)
2012-07-10 11:40:02,689 [main] ERROR org.apache.log4j.xml.DOMTestCase - Message 7
java.lang.Exception: Just testing
	at org.apache.log4j.xml.DOMTestCase.common(DOMTestCase.java:175)
	at org.apache.log4j.xml.DOMTestCase.test4(DOMTestCase.java:125)
	at sun.reflect.NativeMethodAccessorImpl.invoke0(Native Method)
	at sun.reflect.NativeMethodAccessorImpl.invoke(NativeMethodAccessorImpl.java:39)
	at sun.reflect.DelegatingMethodAccessorImpl.invoke(DelegatingMethodAccessorImpl.java:25)
	at java.lang.reflect.Method.invoke(Method.java:597)
	at junit.framework.TestCase.runTest(TestCase.java:154)
	at junit.framework.TestCase.runBare(TestCase.java:127)
	at junit.framework.TestResult$1.protect(TestResult.java:106)
	at junit.framework.TestResult.runProtected(TestResult.java:124)
	at junit.framework.TestResult.run(TestResult.java:109)
	at junit.framework.TestCase.run(TestCase.java:118)
	at junit.framework.TestSuite.runTest(TestSuite.java:208)
	at junit.framework.TestSuite.run(TestSuite.java:203)
	at org.apache.tools.ant.taskdefs.optional.junit.JUnitTestRunner.run(JUnitTestRunner.java:297)
	at org.apache.tools.ant.taskdefs.optional.junit.JUnitTestRunner.launch(JUnitTestRunner.java:672)
	at org.apache.tools.ant.taskdefs.optional.junit.JUnitTestRunner.main(JUnitTestRunner.java:567)
2012-07-10 11:40:02,690 [main] ERROR root - Message 7
java.lang.Exception: Just testing
	at org.apache.log4j.xml.DOMTestCase.common(DOMTestCase.java:175)
	at org.apache.log4j.xml.DOMTestCase.test4(DOMTestCase.java:125)
	at sun.reflect.NativeMethodAccessorImpl.invoke0(Native Method)
	at sun.reflect.NativeMethodAccessorImpl.invoke(NativeMethodAccessorImpl.java:39)
	at sun.reflect.DelegatingMethodAccessorImpl.invoke(DelegatingMethodAccessorImpl.java:25)
	at java.lang.reflect.Method.invoke(Method.java:597)
	at junit.framework.TestCase.runTest(TestCase.java:154)
	at junit.framework.TestCase.runBare(TestCase.java:127)
	at junit.framework.TestResult$1.protect(TestResult.java:106)
	at junit.framework.TestResult.runProtected(TestResult.java:124)
	at junit.framework.TestResult.run(TestResult.java:109)
	at junit.framework.TestCase.run(TestCase.java:118)
	at junit.framework.TestSuite.runTest(TestSuite.java:208)
	at junit.framework.TestSuite.run(TestSuite.java:203)
	at org.apache.tools.ant.taskdefs.optional.junit.JUnitTestRunner.run(JUnitTestRunner.java:297)
	at org.apache.tools.ant.taskdefs.optional.junit.JUnitTestRunner.launch(JUnitTestRunner.java:672)
	at org.apache.tools.ant.taskdefs.optional.junit.JUnitTestRunner.main(JUnitTestRunner.java:567)
